2025-03-12 08:59:31,469:WARNING:
'cuml' is a soft dependency and not included in the pycaret installation. Please run: `pip install cuml` to install.
2025-03-12 08:59:31,469:WARNING:
'cuml' is a soft dependency and not included in the pycaret installation. Please run: `pip install cuml` to install.
2025-03-12 08:59:31,469:WARNING:
'cuml' is a soft dependency and not included in the pycaret installation. Please run: `pip install cuml` to install.
2025-03-12 08:59:31,469:WARNING:
'cuml' is a soft dependency and not included in the pycaret installation. Please run: `pip install cuml` to install.
2025-03-12 08:59:57,751:INFO:PyCaret ClassificationExperiment
2025-03-12 08:59:57,751:INFO:Logging name: clf-default-name
2025-03-12 08:59:57,751:INFO:ML Usecase: MLUsecase.CLASSIFICATION
2025-03-12 08:59:57,751:INFO:version 3.3.2
2025-03-12 08:59:57,751:INFO:Initializing setup()
2025-03-12 08:59:57,751:INFO:self.USI: 552e
2025-03-12 08:59:57,751:INFO:self._variable_keys: {'memory', 'data', 'gpu_param', 'fix_imbalance', 'n_jobs_param', 'USI', 'log_plots_param', 'y_train', 'seed', 'y_test', 'is_multiclass', '_ml_usecase', 'X_test', 'logging_param', 'y', 'idx', 'X', 'fold_groups_param', 'fold_generator', 'gpu_n_jobs_param', 'pipeline', 'exp_name_log', '_available_plots', 'X_train', 'html_param', 'exp_id', 'fold_shuffle_param', 'target_param'}
2025-03-12 08:59:57,751:INFO:Checking environment
2025-03-12 08:59:57,751:INFO:python_version: 3.11.11
2025-03-12 08:59:57,751:INFO:python_build: ('main', 'Dec  4 2024 08:55:08')
2025-03-12 08:59:57,751:INFO:machine: x86_64
2025-03-12 08:59:57,751:INFO:platform: Linux-5.15.167.4-microsoft-standard-WSL2-x86_64-with-glibc2.39
2025-03-12 08:59:57,751:INFO:Memory: svmem(total=8045461504, available=6029438976, percent=25.1, used=1686679552, free=5686579200, active=181055488, inactive=1726480384, buffers=7356416, cached=664846336, shared=51994624, slab=181796864)
2025-03-12 08:59:57,752:INFO:Physical Core: 7
2025-03-12 08:59:57,752:INFO:Logical Core: 14
2025-03-12 08:59:57,752:INFO:Checking libraries
2025-03-12 08:59:57,752:INFO:System:
2025-03-12 08:59:57,752:INFO:    python: 3.11.11 (main, Dec  4 2024, 08:55:08) [GCC 13.2.0]
2025-03-12 08:59:57,752:INFO:executable: /home/tnjhyatt/.cache/pypoetry/virtualenvs/personal-Edc1zp2J-py3.11/bin/python
2025-03-12 08:59:57,752:INFO:   machine: Linux-5.15.167.4-microsoft-standard-WSL2-x86_64-with-glibc2.39
2025-03-12 08:59:57,752:INFO:PyCaret required dependencies:
2025-03-12 08:59:57,784:INFO:                 pip: 24.0
2025-03-12 08:59:57,784:INFO:          setuptools: 76.0.0
2025-03-12 08:59:57,784:INFO:             pycaret: 3.3.2
2025-03-12 08:59:57,784:INFO:             IPython: 9.0.2
2025-03-12 08:59:57,784:INFO:          ipywidgets: 8.1.5
2025-03-12 08:59:57,784:INFO:                tqdm: 4.67.1
2025-03-12 08:59:57,784:INFO:               numpy: 1.26.4
2025-03-12 08:59:57,784:INFO:              pandas: 2.1.4
2025-03-12 08:59:57,784:INFO:              jinja2: 3.1.6
2025-03-12 08:59:57,784:INFO:               scipy: 1.11.4
2025-03-12 08:59:57,784:INFO:              joblib: 1.3.2
2025-03-12 08:59:57,784:INFO:             sklearn: 1.4.2
2025-03-12 08:59:57,784:INFO:                pyod: 2.0.3
2025-03-12 08:59:57,784:INFO:            imblearn: 0.13.0
2025-03-12 08:59:57,784:INFO:   category_encoders: 2.7.0
2025-03-12 08:59:57,784:INFO:            lightgbm: 4.6.0
2025-03-12 08:59:57,784:INFO:               numba: 0.61.0
2025-03-12 08:59:57,784:INFO:            requests: 2.32.3
2025-03-12 08:59:57,784:INFO:          matplotlib: 3.7.5
2025-03-12 08:59:57,784:INFO:          scikitplot: 0.3.7
2025-03-12 08:59:57,784:INFO:         yellowbrick: 1.5
2025-03-12 08:59:57,784:INFO:              plotly: 5.24.1
2025-03-12 08:59:57,784:INFO:    plotly-resampler: Not installed
2025-03-12 08:59:57,784:INFO:             kaleido: 0.2.1
2025-03-12 08:59:57,784:INFO:           schemdraw: 0.15
2025-03-12 08:59:57,784:INFO:         statsmodels: 0.14.4
2025-03-12 08:59:57,784:INFO:              sktime: 0.26.0
2025-03-12 08:59:57,784:INFO:               tbats: 1.1.3
2025-03-12 08:59:57,784:INFO:            pmdarima: 2.0.4
2025-03-12 08:59:57,784:INFO:              psutil: 7.0.0
2025-03-12 08:59:57,784:INFO:          markupsafe: 3.0.2
2025-03-12 08:59:57,784:INFO:             pickle5: Not installed
2025-03-12 08:59:57,784:INFO:         cloudpickle: 3.1.1
2025-03-12 08:59:57,784:INFO:         deprecation: 2.1.0
2025-03-12 08:59:57,784:INFO:              xxhash: 3.5.0
2025-03-12 08:59:57,784:INFO:           wurlitzer: 3.1.1
2025-03-12 08:59:57,784:INFO:PyCaret optional dependencies:
2025-03-12 08:59:57,803:INFO:                shap: Not installed
2025-03-12 08:59:57,803:INFO:           interpret: Not installed
2025-03-12 08:59:57,803:INFO:                umap: Not installed
2025-03-12 08:59:57,803:INFO:     ydata_profiling: 4.14.0
2025-03-12 08:59:57,803:INFO:  explainerdashboard: Not installed
2025-03-12 08:59:57,803:INFO:             autoviz: Not installed
2025-03-12 08:59:57,803:INFO:           fairlearn: Not installed
2025-03-12 08:59:57,803:INFO:          deepchecks: Not installed
2025-03-12 08:59:57,803:INFO:             xgboost: Not installed
2025-03-12 08:59:57,803:INFO:            catboost: Not installed
2025-03-12 08:59:57,803:INFO:              kmodes: Not installed
2025-03-12 08:59:57,804:INFO:             mlxtend: Not installed
2025-03-12 08:59:57,804:INFO:       statsforecast: Not installed
2025-03-12 08:59:57,804:INFO:        tune_sklearn: Not installed
2025-03-12 08:59:57,804:INFO:                 ray: Not installed
2025-03-12 08:59:57,804:INFO:            hyperopt: Not installed
2025-03-12 08:59:57,804:INFO:              optuna: Not installed
2025-03-12 08:59:57,804:INFO:               skopt: Not installed
2025-03-12 08:59:57,804:INFO:              mlflow: Not installed
2025-03-12 08:59:57,804:INFO:              gradio: Not installed
2025-03-12 08:59:57,804:INFO:             fastapi: Not installed
2025-03-12 08:59:57,804:INFO:             uvicorn: Not installed
2025-03-12 08:59:57,804:INFO:              m2cgen: Not installed
2025-03-12 08:59:57,804:INFO:           evidently: Not installed
2025-03-12 08:59:57,804:INFO:               fugue: Not installed
2025-03-12 08:59:57,804:INFO:           streamlit: Not installed
2025-03-12 08:59:57,804:INFO:             prophet: Not installed
2025-03-12 08:59:57,804:INFO:None
2025-03-12 08:59:57,804:INFO:Set up data.
2025-03-12 08:59:57,810:INFO:Set up folding strategy.
2025-03-12 08:59:57,810:INFO:Set up train/test split.
2025-03-12 08:59:57,813:INFO:Set up index.
2025-03-12 08:59:57,813:INFO:Assigning column types.
2025-03-12 08:59:57,815:INFO:Engine successfully changes for model 'lr' to 'sklearn'.
2025-03-12 08:59:57,835:INFO:Engine for model 'knn' has not been set explicitly, hence returning None.
2025-03-12 08:59:57,837:INFO:Engine for model 'rbfsvm' has not been set explicitly, hence returning None.
2025-03-12 08:59:57,855:WARNING:
'xgboost' is a soft dependency and not included in the pycaret installation. Please run: `pip install xgboost` to install.
Alternately, you can install this by running `pip install pycaret[models]`
2025-03-12 08:59:57,855:WARNING:
'catboost' is a soft dependency and not included in the pycaret installation. Please run: `pip install catboost` to install.
Alternately, you can install this by running `pip install pycaret[models]`
2025-03-12 08:59:57,876:INFO:Engine for model 'knn' has not been set explicitly, hence returning None.
2025-03-12 08:59:57,876:INFO:Engine for model 'rbfsvm' has not been set explicitly, hence returning None.
2025-03-12 08:59:57,889:WARNING:
'xgboost' is a soft dependency and not included in the pycaret installation. Please run: `pip install xgboost` to install.
Alternately, you can install this by running `pip install pycaret[models]`
2025-03-12 08:59:57,889:WARNING:
'catboost' is a soft dependency and not included in the pycaret installation. Please run: `pip install catboost` to install.
Alternately, you can install this by running `pip install pycaret[models]`
2025-03-12 08:59:57,889:INFO:Engine successfully changes for model 'knn' to 'sklearn'.
2025-03-12 08:59:57,909:INFO:Engine for model 'rbfsvm' has not been set explicitly, hence returning None.
2025-03-12 08:59:57,921:WARNING:
'xgboost' is a soft dependency and not included in the pycaret installation. Please run: `pip install xgboost` to install.
Alternately, you can install this by running `pip install pycaret[models]`
2025-03-12 08:59:57,921:WARNING:
'catboost' is a soft dependency and not included in the pycaret installation. Please run: `pip install catboost` to install.
Alternately, you can install this by running `pip install pycaret[models]`
2025-03-12 08:59:57,946:INFO:Engine for model 'rbfsvm' has not been set explicitly, hence returning None.
2025-03-12 08:59:57,960:WARNING:
'xgboost' is a soft dependency and not included in the pycaret installation. Please run: `pip install xgboost` to install.
Alternately, you can install this by running `pip install pycaret[models]`
2025-03-12 08:59:57,960:WARNING:
'catboost' is a soft dependency and not included in the pycaret installation. Please run: `pip install catboost` to install.
Alternately, you can install this by running `pip install pycaret[models]`
2025-03-12 08:59:57,961:INFO:Engine successfully changes for model 'rbfsvm' to 'sklearn'.
2025-03-12 08:59:57,992:WARNING:
'xgboost' is a soft dependency and not included in the pycaret installation. Please run: `pip install xgboost` to install.
Alternately, you can install this by running `pip install pycaret[models]`
2025-03-12 08:59:57,992:WARNING:
'catboost' is a soft dependency and not included in the pycaret installation. Please run: `pip install catboost` to install.
Alternately, you can install this by running `pip install pycaret[models]`
2025-03-12 08:59:58,023:WARNING:
'xgboost' is a soft dependency and not included in the pycaret installation. Please run: `pip install xgboost` to install.
Alternately, you can install this by running `pip install pycaret[models]`
2025-03-12 08:59:58,023:WARNING:
'catboost' is a soft dependency and not included in the pycaret installation. Please run: `pip install catboost` to install.
Alternately, you can install this by running `pip install pycaret[models]`
2025-03-12 08:59:58,025:INFO:Preparing preprocessing pipeline...
2025-03-12 08:59:58,026:INFO:Set up label encoding.
2025-03-12 08:59:58,026:INFO:Set up simple imputation.
2025-03-12 08:59:58,026:INFO:Set up feature normalization.
2025-03-12 08:59:58,026:INFO:Set up PCA.
2025-03-12 08:59:58,047:INFO:Finished creating preprocessing pipeline.
2025-03-12 08:59:58,051:INFO:Pipeline: Pipeline(memory=FastMemory(location=/tmp/joblib),
         steps=[('label_encoding',
                 TransformerWrapperWithInverse(exclude=None, include=None,
                                               transformer=LabelEncoder())),
                ('numerical_imputer',
                 TransformerWrapper(exclude=None,
                                    include=['sepal_length', 'sepal_width',
                                             'petal_length', 'petal_width'],
                                    transformer=SimpleImputer(add_indicator=False,
                                                              copy=True,
                                                              fill_value=Non...
                 TransformerWrapper(exclude=None, include=None,
                                    transformer=StandardScaler(copy=True,
                                                               with_mean=True,
                                                               with_std=True))),
                ('pca',
                 TransformerWrapper(exclude=[], include=None,
                                    transformer=PCA(copy=True,
                                                    iterated_power='auto',
                                                    n_components=2,
                                                    n_oversamples=10,
                                                    power_iteration_normalizer='auto',
                                                    random_state=None,
                                                    svd_solver='auto', tol=0.0,
                                                    whiten=False)))],
         verbose=False)
2025-03-12 08:59:58,051:INFO:Creating final display dataframe.
2025-03-12 08:59:58,104:INFO:Setup _display_container:                     Description                                              Value
0                    Session id                                                339
1                        Target                                            species
2                   Target type                                         Multiclass
3                Target mapping  Iris-setosa: 0, Iris-versicolor: 1, Iris-virgi...
4           Original data shape                                           (150, 5)
5        Transformed data shape                                           (150, 3)
6   Transformed train set shape                                           (120, 3)
7    Transformed test set shape                                            (30, 3)
8              Numeric features                                                  4
9                    Preprocess                                               True
10              Imputation type                                             simple
11           Numeric imputation                                               mean
12       Categorical imputation                                               mode
13                    Normalize                                               True
14             Normalize method                                             zscore
15                          PCA                                               True
16                   PCA method                                             linear
17               PCA components                                                  2
18               Fold Generator                                    StratifiedKFold
19                  Fold Number                                                 10
20                     CPU Jobs                                                 -1
21                      Use GPU                                              False
22               Log Experiment                                              False
23              Experiment Name                                   clf-default-name
24                          USI                                               552e
2025-03-12 08:59:58,136:WARNING:
'xgboost' is a soft dependency and not included in the pycaret installation. Please run: `pip install xgboost` to install.
Alternately, you can install this by running `pip install pycaret[models]`
2025-03-12 08:59:58,136:WARNING:
'catboost' is a soft dependency and not included in the pycaret installation. Please run: `pip install catboost` to install.
Alternately, you can install this by running `pip install pycaret[models]`
2025-03-12 08:59:58,166:WARNING:
'xgboost' is a soft dependency and not included in the pycaret installation. Please run: `pip install xgboost` to install.
Alternately, you can install this by running `pip install pycaret[models]`
2025-03-12 08:59:58,166:WARNING:
'catboost' is a soft dependency and not included in the pycaret installation. Please run: `pip install catboost` to install.
Alternately, you can install this by running `pip install pycaret[models]`
2025-03-12 08:59:58,167:INFO:setup() successfully completed in 0.42s...............
2025-03-12 09:11:23,058:INFO:Initializing get_config()
2025-03-12 09:11:23,058:INFO:get_config(self=<pycaret.classification.oop.ClassificationExperiment object at 0x7f36ece15690>, variable=prep_pipe)
